<?xml version="1.0" encoding="UTF-8"?>
<!DOCTYPE suite SYSTEM "https://testng.org/testng-1.0.dtd">
<suite name="Regression Tests - Retry" parallel="classes" thread-count="1">
	<listeners>
		<listener class-name="com.misa.report.EmailableReporter"/>
		<listener class-name="com.misa.report.EmailableReporter2"/>
	</listeners>
	<test name="Common - Retry">
		<parameter name="browser" value="chrome"/>
		<classes>
		</classes>
	</test>
</suite>
